Line 60: Class MSComctlLib.ListView of control ListView1 was not a loaded control class.
Line 66: The property name _ExtentX in ListView1 is invalid.
Line 67: The property name _ExtentY in ListView1 is invalid.
Line 68: The property name SortKey in ListView1 is invalid.
Line 69: The property name View in ListView1 is invalid.
Line 70: The property name LabelEdit in ListView1 is invalid.
Line 71: The property name Sorted in ListView1 is invalid.
Line 72: The property name MultiSelect in ListView1 is invalid.
Line 73: The property name LabelWrap in ListView1 is invalid.
Line 74: The property name HideSelection in ListView1 is invalid.
Line 75: The property name HideColumnHeaders in ListView1 is invalid.
Line 76: The property name FullRowSelect in ListView1 is invalid.
Line 77: The property name GridLines in ListView1 is invalid.
Line 78: The property name _Version in ListView1 is invalid.
Line 91: The property name NumItems in ListView1 is invalid.
Line 94: The property name ColumnHeader(1) in ListView1 is invalid.
Line 98: The property name ColumnHeader(2) in ListView1 is invalid.
Line 102: The property name ColumnHeader(3) in ListView1 is invalid.
Line 106: The property name ColumnHeader(4) in ListView1 is invalid.
Line 110: The property name ColumnHeader(5) in ListView1 is invalid.
